#
# A fatal error has been detected by the Java Runtime Environment:
#
#  SIGSEGV (0xb) at pc=0x00007fd6c665c7fe, pid=29175, tid=140560099075840
#
# JRE version: Java(TM) SE Runtime Environment (7.0_72-b14) (build 1.7.0_72-b14)
# Java VM: Java HotSpot(TM) 64-Bit Server VM (24.72-b04 mixed mode linux-amd64 compressed oops)
# Problematic frame:
# V  [libjvm.so+0x6a77fe]  JNIHandles::checked_resolve_jmethod_id(_jmethodID*)+0xe
#
# Failed to write core dump. Core dumps have been disabled. To enable core dumping, try "ulimit -c unlimited" before starting Java again
#
# If you would like to submit a bug report, please visit:
#   http://bugreport.sun.com/bugreport/crash.jsp
#

---------------  T H R E A D  ---------------

Current thread (0x00007fd6c009f800):  JavaThread "JDWP Transport Listener: dt_socket" daemon [_thread_in_vm, id=29200, stack(0x00007fd6b2b66000,0x00007fd6b2c67000)]

siginfo:si_signo=SIGSEGV: si_errno=0, si_code=128 (), si_addr=0x0000000000000000

Registers:
RAX=0x0000000000000001, RBX=0x00007fd6c0003e10, RCX=0x00007fd6c781e2c0, RDX=0x00007fd6c6e01be0
RSP=0x00007fd6b2c65660, RBP=0x00007fd6b2c65670, RSI=0x00007fd6c009f800, RDI=0x00445b5b293b3e44
R8 =0x0000000000000000, R9 =0x0000000000000000, R10=0x0000000000000010, R11=0x00007fd6c6fb0490
R12=0x0000000000000017, R13=0x00445b5b293b3e44, R14=0x00007fd6c009f800, R15=0x00007fd6b2c65777
RIP=0x00007fd6c665c7fe, EFLAGS=0x0000000000010206, CSGSFS=0xffff000000000033, ERR=0x0000000000000000
  TRAPNO=0x000000000000000d

Top of Stack: (sp=0x00007fd6b2c65660)
0x00007fd6b2c65660:   0000000000000074 00007fd6c0003e10
0x00007fd6b2c65670:   00007fd6b2c656e0 00007fd6c664dc2e
0x00007fd6b2c65680:   0000000000000073 00007fd6b2c65690
0x00007fd6b2c65690:   00007fd6c009f800 0000000000000000
0x00007fd6b2c656a0:   00007fd600000000 0000000000000000
0x00007fd6b2c656b0:   00007fd6b2c656d0 00007fd6c5677120
0x00007fd6b2c656c0:   00445b5b293b3e44 00007fd6b2c65777
0x00007fd6b2c656d0:   0000000000000003 00007fd6b2c65777
0x00007fd6b2c656e0:   00007fd6b2c65710 00007fd6c5462472
0x00007fd6b2c656f0:   00007fd6b2c65710 00445b5b293b3e44
0x00007fd6b2c65700:   00007fd6b2c657e0 0000000000000018
0x00007fd6b2c65710:   00007fd6b2c657a0 00007fd6c5443a60
0x00007fd6b2c65720:   00007fd6b2c65758 00007fd6b2c65750
0x00007fd6b2c65730:   00007fd6b2c65748 00007fd6b2c6576c
0x00007fd6b2c65740:   00000001900035c0 0000000000000000
0x00007fd6b2c65750:   0000000000000000 0000000000000000
0x00007fd6b2c65760:   00007fd690006810 00000009b2c657e0
0x00007fd6b2c65770:   0000000000000004 0000000000000002
0x00007fd6b2c65780:   000000000000000f 0000000000000002
0x00007fd6b2c65790:   00000000000f0200 000000000000000f
0x00007fd6b2c657a0:   00007fd6b2c659f0 00007fd6c544e976
0x00007fd6b2c657b0:   0001a11900000013 00007fd6c60f0200
0x00007fd6b2c657c0:   00007fd688000ba0 00007fd6c009f800
0x00007fd6b2c657d0:   00007fd6b2c657e0 00007fd6b2c65970
0x00007fd6b2c657e0:   00007fd6b2c658e5 00007fd600000077
0x00007fd6b2c657f0:   00007fd6b2c657f8 00000000000000b5
0x00007fd6b2c65800:   00007fd6b2c65830 0000000000000000
0x00007fd6b2c65810:   0000000000000000 0001a1190000000f
0x00007fd6b2c65820:   00007fd600005880 00007fd6b2c65830
0x00007fd6b2c65830:   d67f000004000000 0d000000e0c007c0
0x00007fd6b2c65840:   4d6f5473656c6974 0000007869727461
0x00007fd6b2c65850:   2f6176616a4c281a 7272412f6c697475 

Instructions: (pc=0x00007fd6c665c7fe)
0x00007fd6c665c7de:   20 00 e9 52 ff ff ff 90 90 90 90 90 90 90 90 90
0x00007fd6c665c7ee:   90 90 55 48 89 e5 53 48 83 ec 08 48 85 ff 74 3c
0x00007fd6c665c7fe:   48 8b 1f 48 85 db 74 34 48 b8 fe fe fe fe fe fe
0x00007fd6c665c80e:   fe fe 48 39 c3 74 25 48 8b 05 ac 1a 76 00 80 38 

Register to memory mapping:

RAX=0x0000000000000001 is an unknown value
RBX=0x00007fd6c0003e10 is an unknown value
RCX=0x00007fd6c781e2c0: <offset 0x2182c0> in /lib/x86_64-linux-gnu/libpthread.so.0 at 0x00007fd6c7606000
RDX=0x00007fd6c6e01be0: <offset 0xe4cbe0> in /usr/lib/jvm/java-7-oracle/jre/lib/amd64/server/libjvm.so at 0x00007fd6c5fb5000
RSP=0x00007fd6b2c65660 is pointing into the stack for thread: 0x00007fd6c009f800
RBP=0x00007fd6b2c65670 is pointing into the stack for thread: 0x00007fd6c009f800
RSI=0x00007fd6c009f800 is a thread
RDI=0x00445b5b293b3e44 is an unknown value
R8 =0x0000000000000000 is an unknown value
R9 =0x0000000000000000 is an unknown value
R10=0x0000000000000010 is an unknown value
R11=0x00007fd6c6fb0490: <offset 0x184490> in /lib/x86_64-linux-gnu/libc.so.6 at 0x00007fd6c6e2c000
R12=0x0000000000000017 is an unknown value
R13=0x00445b5b293b3e44 is an unknown value
R14=0x00007fd6c009f800 is a thread
R15=0x00007fd6b2c65777 is pointing into the stack for thread: 0x00007fd6c009f800


Stack: [0x00007fd6b2b66000,0x00007fd6b2c67000],  sp=0x00007fd6b2c65660,  free space=1021k
Native frames: (J=compiled Java code, j=interpreted, Vv=VM code, C=native code)
V  [libjvm.so+0x6a77fe]  JNIHandles::checked_resolve_jmethod_id(_jmethodID*)+0xe
V  [libjvm.so+0x698c2e]  jvmti_IsMethodSynthetic+0x23e
C  [libjdwp.so+0x25472]  isMethodSynthetic+0x42
C  [libjdwp.so+0x6a60]  methods1+0x1b0
C  [libjdwp.so+0x11976]  debugLoop_run+0x2b6
C  [libjdwp.so+0x243af]  attachThread+0x2f
V  [libjvm.so+0x6fd407]  JvmtiAgentThread::call_start_function()+0x97
V  [libjvm.so+0x95a08f]  JavaThread::thread_main_inner()+0xdf
V  [libjvm.so+0x95a195]  JavaThread::run()+0xf5
V  [libjvm.so+0x820c28]  java_start(Thread*)+0x108


---------------  P R O C E S S  ---------------

Java Threads: ( => current thread )
  0x00007fd6c00ab000 JavaThread "Service Thread" daemon [_thread_blocked, id=29206, stack(0x00007fd6b2661000,0x00007fd6b2762000)]
  0x00007fd6c00a8800 JavaThread "C2 CompilerThread1" daemon [_thread_blocked, id=29205, stack(0x00007fd6b2762000,0x00007fd6b2863000)]
  0x00007fd6c00a5800 JavaThread "C2 CompilerThread0" daemon [_thread_blocked, id=29204, stack(0x00007fd6b2863000,0x00007fd6b2964000)]
  0x00007fd690001000 JavaThread "JDWP Command Reader" daemon [_thread_in_native, id=29203, stack(0x00007fd6b2964000,0x00007fd6b2a65000)]
  0x00007fd6c00a3000 JavaThread "JDWP Event Helper Thread" daemon [_thread_blocked, id=29201, stack(0x00007fd6b2a65000,0x00007fd6b2b66000)]
=>0x00007fd6c009f800 JavaThread "JDWP Transport Listener: dt_socket" daemon [_thread_in_vm, id=29200, stack(0x00007fd6b2b66000,0x00007fd6b2c67000)]
  0x00007fd6c0092800 JavaThread "Signal Dispatcher" daemon [_thread_blocked, id=29198, stack(0x00007fd6b2e6b000,0x00007fd6b2f6c000)]
  0x00007fd6c0072800 JavaThread "Finalizer" daemon [_thread_blocked, id=29189, stack(0x00007fd6b2f6c000,0x00007fd6b306d000)]
  0x00007fd6c0070800 JavaThread "Reference Handler" daemon [_thread_blocked, id=29188, stack(0x00007fd6b306d000,0x00007fd6b316e000)]
  0x00007fd6c000c800 JavaThread "main" [_thread_blocked, id=29176, stack(0x00007fd6c7925000,0x00007fd6c7a26000)]

Other Threads:
  0x00007fd6c006c800 VMThread [stack: 0x00007fd6b316e000,0x00007fd6b326f000] [id=29187]
  0x00007fd6c00b5800 WatcherThread [stack: 0x00007fd6b2560000,0x00007fd6b2661000] [id=29207]

VM state:not at safepoint (normal execution)

VM Mutex/Monitor currently owned by a thread: None

Heap
 PSYoungGen      total 130048K, used 87202K [0x00000007d6e00000, 0x00000007dee00000, 0x0000000800000000)
  eden space 129024K, 67% used [0x00000007d6e00000,0x00000007dc2c4870,0x00000007dec00000)
  from space 1024K, 39% used [0x00000007ded00000,0x00000007ded64010,0x00000007dee00000)
  to   space 1024K, 0% used [0x00000007dec00000,0x00000007dec00000,0x00000007ded00000)
 ParOldGen       total 83968K, used 16K [0x0000000784a00000, 0x0000000789c00000, 0x00000007d6e00000)
  object space 83968K, 0% used [0x0000000784a00000,0x0000000784a04000,0x0000000789c00000)
 PSPermGen       total 21504K, used 2765K [0x000000077f800000, 0x0000000780d00000, 0x0000000784a00000)
  object space 21504K, 12% used [0x000000077f800000,0x000000077fab3508,0x0000000780d00000)

Card table byte_map: [0x00007fd6bcbfb000,0x00007fd6bd000000] byte_map_base: 0x00007fd6b8fff000

Polling page: 0x00007fd6c7a42000

Code Cache  [0x00007fd6bd000000, 0x00007fd6bd270000, 0x00007fd6c0000000)
 total_blobs=242 nmethods=68 adapters=136 free_code_cache=48645Kb largest_free_block=49791872

Compilation events (10 events):
Event: 0.689 Thread 0x00007fd6c00a5800 nmethod 64 0x00007fd6bd070d90 code [0x00007fd6bd070ec0, 0x00007fd6bd070f18]
Event: 0.698 Thread 0x00007fd6c00a8800 nmethod 60 0x00007fd6bd07cf50 code [0x00007fd6bd07d140, 0x00007fd6bd07dad0]
Event: 0.738 Thread 0x00007fd6c00a5800   65             DCT::inverseDCT (117 bytes)
Event: 0.773 Thread 0x00007fd6c00a5800 nmethod 65 0x00007fd6bd07e910 code [0x00007fd6bd07eb00, 0x00007fd6bd07f898]
Event: 0.789 Thread 0x00007fd6c00a8800   66             java.util.ArrayList::grow (45 bytes)
Event: 0.793 Thread 0x00007fd6c00a8800 nmethod 66 0x00007fd6bd07e310 code [0x00007fd6bd07e460, 0x00007fd6bd07e748]
Event: 0.927 Thread 0x00007fd6c00a5800   67             java.util.PriorityQueue::grow (49 bytes)
Event: 0.931 Thread 0x00007fd6c00a5800 nmethod 67 0x00007fd6bd071c90 code [0x00007fd6bd071de0, 0x00007fd6bd0720c8]
Event: 1.187 Thread 0x00007fd6c00a8800   68             java.util.ArrayList::<init> (12 bytes)
Event: 1.188 Thread 0x00007fd6c00a8800 nmethod 68 0x00007fd6bd071a50 code [0x00007fd6bd071b80, 0x00007fd6bd071bf8]

GC Heap History (10 events):
Event: 0.781 GC heap before
{Heap before GC invocations=2 (full 0):
 PSYoungGen      total 37376K, used 32800K [0x00000007d6e00000, 0x00000007d9780000, 0x0000000800000000)
  eden space 32256K, 100% used [0x00000007d6e00000,0x00000007d8d80000,0x00000007d8d80000)
  from space 5120K, 10% used [0x00000007d8d80000,0x00000007d8e08020,0x00000007d9280000)
  to   space 5120K, 0% used [0x00000007d9280000,0x00000007d9280000,0x00000007d9780000)
 ParOldGen       total 83968K, used 8K [0x0000000784a00000, 0x0000000789c00000, 0x00000007d6e00000)
  object space 83968K, 0% used [0x0000000784a00000,0x0000000784a02000,0x0000000789c00000)
 PSPermGen       total 21504K, used 2714K [0x000000077f800000, 0x0000000780d00000, 0x0000000784a00000)
  object space 21504K, 12% used [0x000000077f800000,0x000000077faa69f0,0x0000000780d00000)
Event: 0.784 GC heap after
Heap after GC invocations=2 (full 0):
 PSYoungGen      total 37376K, used 448K [0x00000007d6e00000, 0x00000007db700000, 0x0000000800000000)
  eden space 32256K, 0% used [0x00000007d6e00000,0x00000007d6e00000,0x00000007d8d80000)
  from space 5120K, 8% used [0x00000007d9280000,0x00000007d92f0000,0x00000007d9780000)
  to   space 5120K, 0% used [0x00000007d8d80000,0x00000007d8d80000,0x00000007d9280000)
 ParOldGen       total 83968K, used 8K [0x0000000784a00000, 0x0000000789c00000, 0x00000007d6e00000)
  object space 83968K, 0% used [0x0000000784a00000,0x0000000784a02000,0x0000000789c00000)
 PSPermGen       total 21504K, used 2714K [0x000000077f800000, 0x0000000780d00000, 0x0000000784a00000)
  object space 21504K, 12% used [0x000000077f800000,0x000000077faa69f0,0x0000000780d00000)
}
Event: 0.863 GC heap before
{Heap before GC invocations=3 (full 0):
 PSYoungGen      total 37376K, used 32704K [0x00000007d6e00000, 0x00000007db700000, 0x0000000800000000)
  eden space 32256K, 100% used [0x00000007d6e00000,0x00000007d8d80000,0x00000007d8d80000)
  from space 5120K, 8% used [0x00000007d9280000,0x00000007d92f0000,0x00000007d9780000)
  to   space 5120K, 0% used [0x00000007d8d80000,0x00000007d8d80000,0x00000007d9280000)
 ParOldGen       total 83968K, used 8K [0x0000000784a00000, 0x0000000789c00000, 0x00000007d6e00000)
  object space 83968K, 0% used [0x0000000784a00000,0x0000000784a02000,0x0000000789c00000)
 PSPermGen       total 21504K, used 2714K [0x000000077f800000, 0x0000000780d00000, 0x0000000784a00000)
  object space 21504K, 12% used [0x000000077f800000,0x000000077faa6aa8,0x0000000780d00000)
Event: 0.864 GC heap after
Heap after GC invocations=3 (full 0):
 PSYoungGen      total 37376K, used 480K [0x00000007d6e00000, 0x00000007db700000, 0x0000000800000000)
  eden space 32256K, 0% used [0x00000007d6e00000,0x00000007d6e00000,0x00000007d8d80000)
  from space 5120K, 9% used [0x00000007d8d80000,0x00000007d8df8020,0x00000007d9280000)
  to   space 5120K, 0% used [0x00000007db200000,0x00000007db200000,0x00000007db700000)
 ParOldGen       total 83968K, used 16K [0x0000000784a00000, 0x0000000789c00000, 0x00000007d6e00000)
  object space 83968K, 0% used [0x0000000784a00000,0x0000000784a04000,0x0000000789c00000)
 PSPermGen       total 21504K, used 2714K [0x000000077f800000, 0x0000000780d00000, 0x0000000784a00000)
  object space 21504K, 12% used [0x000000077f800000,0x000000077faa6aa8,0x0000000780d00000)
}
Event: 0.941 GC heap before
{Heap before GC invocations=4 (full 0):
 PSYoungGen      total 37376K, used 32736K [0x00000007d6e00000, 0x00000007db700000, 0x0000000800000000)
  eden space 32256K, 100% used [0x00000007d6e00000,0x00000007d8d80000,0x00000007d8d80000)
  from space 5120K, 9% used [0x00000007d8d80000,0x00000007d8df8020,0x00000007d9280000)
  to   space 5120K, 0% used [0x00000007db200000,0x00000007db200000,0x00000007db700000)
 ParOldGen       total 83968K, used 16K [0x0000000784a00000, 0x0000000789c00000, 0x00000007d6e00000)
  object space 83968K, 0% used [0x0000000784a00000,0x0000000784a04000,0x0000000789c00000)
 PSPermGen       total 21504K, used 2714K [0x000000077f800000, 0x0000000780d00000, 0x0000000784a00000)
  object space 21504K, 12% used [0x000000077f800000,0x000000077faa6aa8,0x0000000780d00000)
Event: 0.943 GC heap after
Heap after GC invocations=4 (full 0):
 PSYoungGen      total 69632K, used 480K [0x00000007d6e00000, 0x00000007db700000, 0x0000000800000000)
  eden space 64512K, 0% used [0x00000007d6e00000,0x00000007d6e00000,0x00000007dad00000)
  from space 5120K, 9% used [0x00000007db200000,0x00000007db278000,0x00000007db700000)
  to   space 5120K, 0% used [0x00000007dad00000,0x00000007dad00000,0x00000007db200000)
 ParOldGen       total 83968K, used 16K [0x0000000784a00000, 0x0000000789c00000, 0x00000007d6e00000)
  object space 83968K, 0% used [0x0000000784a00000,0x0000000784a04000,0x0000000789c00000)
 PSPermGen       total 21504K, used 2714K [0x000000077f800000, 0x0000000780d00000, 0x0000000784a00000)
  object space 21504K, 12% used [0x000000077f800000,0x000000077faa6aa8,0x0000000780d00000)
}
Event: 1.052 GC heap before
{Heap before GC invocations=5 (full 0):
 PSYoungGen      total 69632K, used 64992K [0x00000007d6e00000, 0x00000007db700000, 0x0000000800000000)
  eden space 64512K, 100% used [0x00000007d6e00000,0x00000007dad00000,0x00000007dad00000)
  from space 5120K, 9% used [0x00000007db200000,0x00000007db278000,0x00000007db700000)
  to   space 5120K, 0% used [0x00000007dad00000,0x00000007dad00000,0x00000007db200000)
 ParOldGen       total 83968K, used 16K [0x0000000784a00000, 0x0000000789c00000, 0x00000007d6e00000)
  object space 83968K, 0% used [0x0000000784a00000,0x0000000784a04000,0x0000000789c00000)
 PSPermGen       total 21504K, used 2714K [0x000000077f800000, 0x0000000780d00000, 0x0000000784a00000)
  object space 21504K, 12% used [0x000000077f800000,0x000000077faa6aa8,0x0000000780d00000)
Event: 1.054 GC heap after
Heap after GC invocations=5 (full 0):
 PSYoungGen      total 69632K, used 464K [0x00000007d6e00000, 0x00000007dee00000, 0x0000000800000000)
  eden space 64512K, 0% used [0x00000007d6e00000,0x00000007d6e00000,0x00000007dad00000)
  from space 5120K, 9% used [0x00000007dad00000,0x00000007dad74010,0x00000007db200000)
  to   space 1024K, 0% used [0x00000007ded00000,0x00000007ded00000,0x00000007dee00000)
 ParOldGen       total 83968K, used 16K [0x0000000784a00000, 0x0000000789c00000, 0x00000007d6e00000)
  object space 83968K, 0% used [0x0000000784a00000,0x0000000784a04000,0x0000000789c00000)
 PSPermGen       total 21504K, used 2714K [0x000000077f800000, 0x0000000780d00000, 0x0000000784a00000)
  object space 21504K, 12% used [0x000000077f800000,0x000000077faa6aa8,0x0000000780d00000)
}
Event: 1.153 GC heap before
{Heap before GC invocations=6 (full 0):
 PSYoungGen      total 69632K, used 64976K [0x00000007d6e00000, 0x00000007dee00000, 0x0000000800000000)
  eden space 64512K, 100% used [0x00000007d6e00000,0x00000007dad00000,0x00000007dad00000)
  from space 5120K, 9% used [0x00000007dad00000,0x00000007dad74010,0x00000007db200000)
  to   space 1024K, 0% used [0x00000007ded00000,0x00000007ded00000,0x00000007dee00000)
 ParOldGen       total 83968K, used 16K [0x0000000784a00000, 0x0000000789c00000, 0x00000007d6e00000)
  object space 83968K, 0% used [0x0000000784a00000,0x0000000784a04000,0x0000000789c00000)
 PSPermGen       total 21504K, used 2714K [0x000000077f800000, 0x0000000780d00000, 0x0000000784a00000)
  object space 21504K, 12% used [0x000000077f800000,0x000000077faa6aa8,0x0000000780d00000)
Event: 1.156 GC heap after
Heap after GC invocations=6 (full 0):
 PSYoungGen      total 130048K, used 400K [0x00000007d6e00000, 0x00000007dee00000, 0x0000000800000000)
  eden space 129024K, 0% used [0x00000007d6e00000,0x00000007d6e00000,0x00000007dec00000)
  from space 1024K, 39% used [0x00000007ded00000,0x00000007ded64010,0x00000007dee00000)
  to   space 1024K, 0% used [0x00000007dec00000,0x00000007dec00000,0x00000007ded00000)
 ParOldGen       total 83968K, used 16K [0x0000000784a00000, 0x0000000789c00000, 0x00000007d6e00000)
  object space 83968K, 0% used [0x0000000784a00000,0x0000000784a04000,0x0000000789c00000)
 PSPermGen       total 21504K, used 2714K [0x000000077f800000, 0x0000000780d00000, 0x0000000784a00000)
  object space 21504K, 12% used [0x000000077f800000,0x000000077faa6aa8,0x0000000780d00000)
}

Deoptimization events (0 events):
No events

Internal exceptions (10 events):
Event: 0.228 Thread 0x00007fd6c000c800 Threw 0x00000007d6e69f98 at /HUDSON/workspace/7u-2-build-linux-amd64/jdk7u72/1606/hotspot/src/share/vm/prims/jvm.cpp:1281
Event: 0.230 Thread 0x00007fd6c000c800 Threw 0x00000007d6e71238 at /HUDSON/workspace/7u-2-build-linux-amd64/jdk7u72/1606/hotspot/src/share/vm/prims/jvm.cpp:1281
Event: 0.234 Thread 0x00007fd6c000c800 Threw 0x00000007d6e754a0 at /HUDSON/workspace/7u-2-build-linux-amd64/jdk7u72/1606/hotspot/src/share/vm/prims/jvm.cpp:1281
Event: 0.237 Thread 0x00007fd6c000c800 Threw 0x00000007d6e78a90 at /HUDSON/workspace/7u-2-build-linux-amd64/jdk7u72/1606/hotspot/src/share/vm/prims/jvm.cpp:1281
Event: 0.238 Thread 0x00007fd6c000c800 Threw 0x00000007d6e7a940 at /HUDSON/workspace/7u-2-build-linux-amd64/jdk7u72/1606/hotspot/src/share/vm/prims/jvm.cpp:1281
Event: 0.242 Thread 0x00007fd6c000c800 Threw 0x00000007d6e81188 at /HUDSON/workspace/7u-2-build-linux-amd64/jdk7u72/1606/hotspot/src/share/vm/prims/jvm.cpp:1281
Event: 0.254 Thread 0x00007fd6c000c800 Threw 0x00000007d6e864d0 at /HUDSON/workspace/7u-2-build-linux-amd64/jdk7u72/1606/hotspot/src/share/vm/prims/jvm.cpp:1281
Event: 0.260 Thread 0x00007fd6c000c800 Threw 0x00000007d6e97798 at /HUDSON/workspace/7u-2-build-linux-amd64/jdk7u72/1606/hotspot/src/share/vm/prims/jvm.cpp:1281
Event: 0.260 Thread 0x00007fd6c000c800 Threw 0x00000007d6e9a010 at /HUDSON/workspace/7u-2-build-linux-amd64/jdk7u72/1606/hotspot/src/share/vm/prims/jvm.cpp:1281
Event: 0.261 Thread 0x00007fd6c000c800 Threw 0x00000007d6e9d820 at /HUDSON/workspace/7u-2-build-linux-amd64/jdk7u72/1606/hotspot/src/share/vm/prims/jvm.cpp:1281

Events (10 events):
Event: 636.577 Executing VM operation: ChangeBreakpoints
Event: 636.577 Executing VM operation: ChangeBreakpoints done
Event: 706.653 Executing VM operation: ChangeBreakpoints
Event: 706.653 Executing VM operation: ChangeBreakpoints done
Event: 842.164 Executing VM operation: ChangeBreakpoints
Event: 842.164 Executing VM operation: ChangeBreakpoints done
Event: 842.167 Executing VM operation: RedefineClasses
Event: 842.167 Executing VM operation: RedefineClasses done
Event: 842.169 Executing VM operation: ChangeBreakpoints
Event: 842.170 Executing VM operation: ChangeBreakpoints done


Dynamic libraries:
00400000-00401000 r-xp 00000000 08:05 563827                             /usr/lib/jvm/java-7-oracle/bin/java
00600000-00601000 rw-p 00000000 08:05 563827                             /usr/lib/jvm/java-7-oracle/bin/java
00ca3000-00cc4000 rw-p 00000000 00:00 0                                  [heap]
77f800000-780d00000 rw-p 00000000 00:00 0 
780d00000-784a00000 rw-p 00000000 00:00 0 
784a00000-789c00000 rw-p 00000000 00:00 0 
789c00000-7d6e00000 rw-p 00000000 00:00 0 
7d6e00000-7dee00000 rw-p 00000000 00:00 0 
7dee00000-800000000 rw-p 00000000 00:00 0 
7fd674000000-7fd674021000 rw-p 00000000 00:00 0 
7fd674021000-7fd678000000 ---p 00000000 00:00 0 
7fd678000000-7fd678021000 rw-p 00000000 00:00 0 
7fd678021000-7fd67c000000 ---p 00000000 00:00 0 
7fd67c000000-7fd67c307000 rw-p 00000000 00:00 0 
7fd67c307000-7fd680000000 ---p 00000000 00:00 0 
7fd680000000-7fd680335000 rw-p 00000000 00:00 0 
7fd680335000-7fd684000000 ---p 00000000 00:00 0 
7fd684000000-7fd684021000 rw-p 00000000 00:00 0 
7fd684021000-7fd688000000 ---p 00000000 00:00 0 
7fd688000000-7fd688021000 rw-p 00000000 00:00 0 
7fd688021000-7fd68c000000 ---p 00000000 00:00 0 
7fd68c000000-7fd68c021000 rw-p 00000000 00:00 0 
7fd68c021000-7fd690000000 ---p 00000000 00:00 0 
7fd690000000-7fd690021000 rw-p 00000000 00:00 0 
7fd690021000-7fd694000000 ---p 00000000 00:00 0 
7fd694000000-7fd694021000 rw-p 00000000 00:00 0 
7fd694021000-7fd698000000 ---p 00000000 00:00 0 
7fd698000000-7fd698021000 rw-p 00000000 00:00 0 
7fd698021000-7fd69c000000 ---p 00000000 00:00 0 
7fd69c000000-7fd69c021000 rw-p 00000000 00:00 0 
7fd69c021000-7fd6a0000000 ---p 00000000 00:00 0 
7fd6a0000000-7fd6a0021000 rw-p 00000000 00:00 0 
7fd6a0021000-7fd6a4000000 ---p 00000000 00:00 0 
7fd6a4000000-7fd6a4021000 rw-p 00000000 00:00 0 
7fd6a4021000-7fd6a8000000 ---p 00000000 00:00 0 
7fd6ac000000-7fd6ac021000 rw-p 00000000 00:00 0 
7fd6ac021000-7fd6b0000000 ---p 00000000 00:00 0 
7fd6b005d000-7fd6b00a8000 rw-p 00000000 00:00 0 
7fd6b00a8000-7fd6b0268000 r--s 039ea000 08:05 985349                     /usr/lib/jvm/java-7-oracle/jre/lib/rt.jar
7fd6b228a000-7fd6b24d1000 rw-p 00000000 00:00 0 
7fd6b24d1000-7fd6b2560000 r--s 00de4000 08:05 982079                     /usr/lib/jvm/java-7-oracle/jre/lib/jfxrt.jar
7fd6b2560000-7fd6b2561000 ---p 00000000 00:00 0 
7fd6b2561000-7fd6b2661000 rw-p 00000000 00:00 0 
7fd6b2661000-7fd6b2664000 ---p 00000000 00:00 0 
7fd6b2664000-7fd6b2762000 rw-p 00000000 00:00 0 
7fd6b2762000-7fd6b2765000 ---p 00000000 00:00 0 
7fd6b2765000-7fd6b2863000 rw-p 00000000 00:00 0 
7fd6b2863000-7fd6b2866000 ---p 00000000 00:00 0 
7fd6b2866000-7fd6b2964000 rw-p 00000000 00:00 0 
7fd6b2964000-7fd6b2967000 ---p 00000000 00:00 0 
7fd6b2967000-7fd6b2a65000 rw-p 00000000 00:00 0 
7fd6b2a65000-7fd6b2a68000 ---p 00000000 00:00 0 
7fd6b2a68000-7fd6b2b66000 rw-p 00000000 00:00 0 
7fd6b2b66000-7fd6b2b69000 ---p 00000000 00:00 0 
7fd6b2b69000-7fd6b2c67000 rw-p 00000000 00:00 0 
7fd6b2c67000-7fd6b2c6b000 r-xp 00000000 08:05 985335                     /usr/lib/jvm/java-7-oracle/jre/lib/amd64/libdt_socket.so
7fd6b2c6b000-7fd6b2e6a000 ---p 00004000 08:05 985335                     /usr/lib/jvm/java-7-oracle/jre/lib/amd64/libdt_socket.so
7fd6b2e6a000-7fd6b2e6b000 rw-p 00003000 08:05 985335                     /usr/lib/jvm/java-7-oracle/jre/lib/amd64/libdt_socket.so
7fd6b2e6b000-7fd6b2e6e000 ---p 00000000 00:00 0 
7fd6b2e6e000-7fd6b2f6c000 rw-p 00000000 00:00 0 
7fd6b2f6c000-7fd6b2f6f000 ---p 00000000 00:00 0 
7fd6b2f6f000-7fd6b306d000 rw-p 00000000 00:00 0 
7fd6b306d000-7fd6b3070000 ---p 00000000 00:00 0 
7fd6b3070000-7fd6b316e000 rw-p 00000000 00:00 0 
7fd6b316e000-7fd6b316f000 ---p 00000000 00:00 0 
7fd6b316f000-7fd6b4000000 rw-p 00000000 00:00 0 
7fd6b4000000-7fd6b4021000 rw-p 00000000 00:00 0 
7fd6b4021000-7fd6b8000000 ---p 00000000 00:00 0 
7fd6b8022000-7fd6b803b000 r--s 001e4000 08:05 985352                     /usr/lib/jvm/java-7-oracle/jre/lib/deploy.jar
7fd6b803b000-7fd6b8045000 r--s 00067000 08:05 985273                     /usr/lib/jvm/java-7-oracle/jre/lib/javaws.jar
7fd6b8045000-7fd6bc7ce000 rw-p 00000000 00:00 0 
7fd6bc7ce000-7fd6bc7cf000 ---p 00000000 00:00 0 
7fd6bc7cf000-7fd6bc8cf000 rw-p 00000000 00:00 0 
7fd6bc8cf000-7fd6bc8d0000 ---p 00000000 00:00 0 
7fd6bc8d0000-7fd6bc9d0000 rw-p 00000000 00:00 0 
7fd6bc9d0000-7fd6bc9d1000 ---p 00000000 00:00 0 
7fd6bc9d1000-7fd6bcad1000 rw-p 00000000 00:00 0 
7fd6bcad1000-7fd6bcad2000 ---p 00000000 00:00 0 
7fd6bcad2000-7fd6bcbdd000 rw-p 00000000 00:00 0 
7fd6bcbdd000-7fd6bcbfb000 rw-p 00000000 00:00 0 
7fd6bcbfb000-7fd6bcc06000 rw-p 00000000 00:00 0 
7fd6bcc06000-7fd6bcc24000 rw-p 00000000 00:00 0 
7fd6bcc24000-7fd6bcc4d000 rw-p 00000000 00:00 0 
7fd6bcc4d000-7fd6bceb6000 rw-p 00000000 00:00 0 
7fd6bceb6000-7fd6bcef6000 rw-p 00000000 00:00 0 
7fd6bcef6000-7fd6bcfff000 rw-p 00000000 00:00 0 
7fd6bcfff000-7fd6bd000000 rw-p 00000000 00:00 0 
7fd6bd000000-7fd6bd270000 rwxp 00000000 00:00 0 
7fd6bd270000-7fd6c013d000 rw-p 00000000 00:00 0 
7fd6c013d000-7fd6c4000000 ---p 00000000 00:00 0 
7fd6c4000000-7fd6c4013000 r--s 000d6000 08:05 985180                     /usr/lib/jvm/java-7-oracle/jre/lib/plugin.jar
7fd6c4013000-7fd6c403c000 rw-p 00000000 00:00 0 
7fd6c403c000-7fd6c42a5000 rw-p 00000000 00:00 0 
7fd6c42a5000-7fd6c42bf000 r-xp 00000000 08:05 985308                     /usr/lib/jvm/java-7-oracle/jre/lib/amd64/libzip.so
7fd6c42bf000-7fd6c44bf000 ---p 0001a000 08:05 985308                     /usr/lib/jvm/java-7-oracle/jre/lib/amd64/libzip.so
7fd6c44bf000-7fd6c44c0000 rw-p 0001a000 08:05 985308                     /usr/lib/jvm/java-7-oracle/jre/lib/amd64/libzip.so
7fd6c44c0000-7fd6c44cc000 r-xp 00000000 08:05 166596                     /lib/x86_64-linux-gnu/libnss_files-2.15.so
7fd6c44cc000-7fd6c46cb000 ---p 0000c000 08:05 166596                     /lib/x86_64-linux-gnu/libnss_files-2.15.so
7fd6c46cb000-7fd6c46cc000 r--p 0000b000 08:05 166596                     /lib/x86_64-linux-gnu/libnss_files-2.15.so
7fd6c46cc000-7fd6c46cd000 rw-p 0000c000 08:05 166596                     /lib/x86_64-linux-gnu/libnss_files-2.15.so
7fd6c46cd000-7fd6c46d7000 r-xp 00000000 08:05 166603                     /lib/x86_64-linux-gnu/libnss_nis-2.15.so
7fd6c46d7000-7fd6c48d7000 ---p 0000a000 08:05 166603                     /lib/x86_64-linux-gnu/libnss_nis-2.15.so
7fd6c48d7000-7fd6c48d8000 r--p 0000a000 08:05 166603                     /lib/x86_64-linux-gnu/libnss_nis-2.15.so
7fd6c48d8000-7fd6c48d9000 rw-p 0000b000 08:05 166603                     /lib/x86_64-linux-gnu/libnss_nis-2.15.so
7fd6c48d9000-7fd6c48f0000 r-xp 00000000 08:05 166595                     /lib/x86_64-linux-gnu/libnsl-2.15.so
7fd6c48f0000-7fd6c4aef000 ---p 00017000 08:05 166595                     /lib/x86_64-linux-gnu/libnsl-2.15.so
7fd6c4aef000-7fd6c4af0000 r--p 00016000 08:05 166595                     /lib/x86_64-linux-gnu/libnsl-2.15.so
7fd6c4af0000-7fd6c4af1000 rw-p 00017000 08:05 166595                     /lib/x86_64-linux-gnu/libnsl-2.15.so
7fd6c4af1000-7fd6c4af3000 rw-p 00000000 00:00 0 
7fd6c4af3000-7fd6c4afb000 r-xp 00000000 08:05 166602                     /lib/x86_64-linux-gnu/libnss_compat-2.15.so
7fd6c4afb000-7fd6c4cfa000 ---p 00008000 08:05 166602                     /lib/x86_64-linux-gnu/libnss_compat-2.15.so
7fd6c4cfa000-7fd6c4cfb000 r--p 00007000 08:05 166602                     /lib/x86_64-linux-gnu/libnss_compat-2.15.so
7fd6c4cfb000-7fd6c4cfc000 rw-p 00008000 08:05 166602                     /lib/x86_64-linux-gnu/libnss_compat-2.15.so
7fd6c4cfc000-7fd6c523a000 r--p 00000000 08:05 396582                     /usr/lib/locale/locale-archive
7fd6c523a000-7fd6c523d000 r-xp 00000000 08:05 985339                     /usr/lib/jvm/java-7-oracle/jre/lib/amd64/libnpt.so
7fd6c523d000-7fd6c543c000 ---p 00003000 08:05 985339                     /usr/lib/jvm/java-7-oracle/jre/lib/amd64/libnpt.so
7fd6c543c000-7fd6c543d000 rw-p 00002000 08:05 985339                     /usr/lib/jvm/java-7-oracle/jre/lib/amd64/libnpt.so
7fd6c543d000-7fd6c5476000 r-xp 00000000 08:05 985314                     /usr/lib/jvm/java-7-oracle/jre/lib/amd64/libjdwp.so
7fd6c5476000-7fd6c5676000 ---p 00039000 08:05 985314                     /usr/lib/jvm/java-7-oracle/jre/lib/amd64/libjdwp.so
7fd6c5676000-7fd6c5677000 rw-p 00039000 08:05 985314                     /usr/lib/jvm/java-7-oracle/jre/lib/amd64/libjdwp.so
7fd6c5677000-7fd6c5678000 rw-p 00000000 00:00 0 
7fd6c5678000-7fd6c56a1000 r-xp 00000000 08:05 985337                     /usr/lib/jvm/java-7-oracle/jre/lib/amd64/libjava.so
7fd6c56a1000-7fd6c58a1000 ---p 00029000 08:05 985337                     /usr/lib/jvm/java-7-oracle/jre/lib/amd64/libjava.so
7fd6c58a1000-7fd6c58a3000 rw-p 00029000 08:05 985337                     /usr/lib/jvm/java-7-oracle/jre/lib/amd64/libjava.so
7fd6c58a3000-7fd6c58b0000 r-xp 00000000 08:05 985316                     /usr/lib/jvm/java-7-oracle/jre/lib/amd64/libverify.so
7fd6c58b0000-7fd6c5aaf000 ---p 0000d000 08:05 985316                     /usr/lib/jvm/java-7-oracle/jre/lib/amd64/libverify.so
7fd6c5aaf000-7fd6c5ab1000 rw-p 0000c000 08:05 985316                     /usr/lib/jvm/java-7-oracle/jre/lib/amd64/libverify.so
7fd6c5ab1000-7fd6c5ab8000 r-xp 00000000 08:05 166593                     /lib/x86_64-linux-gnu/librt-2.15.so
7fd6c5ab8000-7fd6c5cb7000 ---p 00007000 08:05 166593                     /lib/x86_64-linux-gnu/librt-2.15.so
7fd6c5cb7000-7fd6c5cb8000 r--p 00006000 08:05 166593                     /lib/x86_64-linux-gnu/librt-2.15.so
7fd6c5cb8000-7fd6c5cb9000 rw-p 00007000 08:05 166593                     /lib/x86_64-linux-gnu/librt-2.15.so
7fd6c5cb9000-7fd6c5db4000 r-xp 00000000 08:05 166600                     /lib/x86_64-linux-gnu/libm-2.15.so
7fd6c5db4000-7fd6c5fb3000 ---p 000fb000 08:05 166600                     /lib/x86_64-linux-gnu/libm-2.15.so
7fd6c5fb3000-7fd6c5fb4000 r--p 000fa000 08:05 166600                     /lib/x86_64-linux-gnu/libm-2.15.so
7fd6c5fb4000-7fd6c5fb5000 rw-p 000fb000 08:05 166600                     /lib/x86_64-linux-gnu/libm-2.15.so
7fd6c5fb5000-7fd6c6b28000 r-xp 00000000 08:05 985306                     /usr/lib/jvm/java-7-oracle/jre/lib/amd64/server/libjvm.so
7fd6c6b28000-7fd6c6d27000 ---p 00b73000 08:05 985306                     /usr/lib/jvm/java-7-oracle/jre/lib/amd64/server/libjvm.so
7fd6c6d27000-7fd6c6deb000 rw-p 00b72000 08:05 985306                     /usr/lib/jvm/java-7-oracle/jre/lib/amd64/server/libjvm.so
7fd6c6deb000-7fd6c6e2c000 rw-p 00000000 00:00 0 
7fd6c6e2c000-7fd6c6fe1000 r-xp 00000000 08:05 166597                     /lib/x86_64-linux-gnu/libc-2.15.so
7fd6c6fe1000-7fd6c71e0000 ---p 001b5000 08:05 166597                     /lib/x86_64-linux-gnu/libc-2.15.so
7fd6c71e0000-7fd6c71e4000 r--p 001b4000 08:05 166597                     /lib/x86_64-linux-gnu/libc-2.15.so
7fd6c71e4000-7fd6c71e6000 rw-p 001b8000 08:05 166597                     /lib/x86_64-linux-gnu/libc-2.15.so
7fd6c71e6000-7fd6c71eb000 rw-p 00000000 00:00 0 
7fd6c71eb000-7fd6c71ed000 r-xp 00000000 08:05 166611                     /lib/x86_64-linux-gnu/libdl-2.15.so
7fd6c71ed000-7fd6c73ed000 ---p 00002000 08:05 166611                     /lib/x86_64-linux-gnu/libdl-2.15.so
7fd6c73ed000-7fd6c73ee000 r--p 00002000 08:05 166611                     /lib/x86_64-linux-gnu/libdl-2.15.so
7fd6c73ee000-7fd6c73ef000 rw-p 00003000 08:05 166611                     /lib/x86_64-linux-gnu/libdl-2.15.so
7fd6c73ef000-7fd6c7405000 r-xp 00000000 08:05 564591                     /usr/lib/jvm/java-7-oracle/lib/amd64/jli/libjli.so
7fd6c7405000-7fd6c7605000 ---p 00016000 08:05 564591                     /usr/lib/jvm/java-7-oracle/lib/amd64/jli/libjli.so
7fd6c7605000-7fd6c7606000 rw-p 00016000 08:05 564591                     /usr/lib/jvm/java-7-oracle/lib/amd64/jli/libjli.so
7fd6c7606000-7fd6c761e000 r-xp 00000000 08:05 166591                     /lib/x86_64-linux-gnu/libpthread-2.15.so
7fd6c761e000-7fd6c781d000 ---p 00018000 08:05 166591                     /lib/x86_64-linux-gnu/libpthread-2.15.so
7fd6c781d000-7fd6c781e000 r--p 00017000 08:05 166591                     /lib/x86_64-linux-gnu/libpthread-2.15.so
7fd6c781e000-7fd6c781f000 rw-p 00018000 08:05 166591                     /lib/x86_64-linux-gnu/libpthread-2.15.so
7fd6c781f000-7fd6c7823000 rw-p 00000000 00:00 0 
7fd6c7823000-7fd6c7845000 r-xp 00000000 08:05 131681                     /lib/x86_64-linux-gnu/ld-2.15.so
7fd6c784e000-7fd6c7851000 r--s 00019000 08:05 985270                     /usr/lib/jvm/java-7-oracle/jre/lib/jce.jar
7fd6c7851000-7fd6c7856000 r--s 0007d000 08:05 985238                     /usr/lib/jvm/java-7-oracle/jre/lib/jfr.jar
7fd6c7856000-7fd6c7860000 r--s 00251000 08:05 985144                     /usr/lib/jvm/java-7-oracle/jre/lib/resources.jar
7fd6c7860000-7fd6c7865000 r--s 0008a000 08:05 982084                     /usr/lib/jvm/java-7-oracle/jre/lib/jsse.jar
7fd6c7865000-7fd6c786f000 rw-p 00000000 00:00 0 
7fd6c786f000-7fd6c7925000 rw-p 00000000 00:00 0 
7fd6c7925000-7fd6c7928000 ---p 00000000 00:00 0 
7fd6c7928000-7fd6c7a2a000 rw-p 00000000 00:00 0 
7fd6c7a2b000-7fd6c7a2d000 rw-p 00000000 00:00 0 
7fd6c7a2d000-7fd6c7a2e000 r--s 00000000 08:05 985281                     /usr/lib/jvm/java-7-oracle/jre/lib/management-agent.jar
7fd6c7a2e000-7fd6c7a39000 r--s 0037c000 08:05 982078                     /usr/lib/jvm/java-7-oracle/jre/lib/charsets.jar
7fd6c7a39000-7fd6c7a41000 rw-s 00000000 08:05 301432                     /tmp/hsperfdata_marcus/29175
7fd6c7a41000-7fd6c7a42000 rw-p 00000000 00:00 0 
7fd6c7a42000-7fd6c7a43000 r--p 00000000 00:00 0 
7fd6c7a43000-7fd6c7a45000 rw-p 00000000 00:00 0 
7fd6c7a45000-7fd6c7a46000 r--p 00022000 08:05 131681                     /lib/x86_64-linux-gnu/ld-2.15.so
7fd6c7a46000-7fd6c7a48000 rw-p 00023000 08:05 131681                     /lib/x86_64-linux-gnu/ld-2.15.so
7fff58d00000-7fff58d22000 rw-p 00000000 00:00 0                          [stack]
7fff58d8b000-7fff58d8c000 r-xp 00000000 00:00 0                          [vdso]
ffffffffff600000-ffffffffff601000 r-xp 00000000 00:00 0                  [vsyscall]

VM Arguments:
jvm_args: -agentlib:jdwp=transport=dt_socket,address=127.0.0.1:37853,suspend=y,server=n -Dfile.encoding=UTF-8 
java_command: TransformImageDecode testdata/encoded/test1_mw.raw testdata/decoded/test1_mw.raw
Launcher Type: SUN_STANDARD

Environment Variables:
CLASSPATH=./../lib/bootstrap.jar:./../lib/extensions.jar:./../lib/util.jar:./../lib/jdom.jar:./../lib/log4j.jar:./../lib/trove4j.jar:./../lib/jna.jar:/usr/lib/jvm/java-7-oracle/lib/tools.jar
PATH=/usr/lib/lightdm/lightdm:/usr/local/sbin:/usr/local/bin:/usr/sbin:/usr/bin:/sbin:/bin:/usr/games:/home/marcus/.rvm/bin:/home/marcus/.rvm/bin
LD_LIBRARY_PATH=.:
SHELL=/bin/bash
DISPLAY=:0

Signal Handlers:
SIGSEGV: [libjvm.so+0x9a1a10], sa_mask[0]=0x7ffbfeff, sa_flags=0x10000004
SIGBUS: [libjvm.so+0x9a1a10], sa_mask[0]=0x7ffbfeff, sa_flags=0x10000004
SIGFPE: [libjvm.so+0x81bae0], sa_mask[0]=0x7ffbfeff, sa_flags=0x10000004
SIGPIPE: [libjvm.so+0x81bae0], sa_mask[0]=0x7ffbfeff, sa_flags=0x10000004
SIGXFSZ: [libjvm.so+0x81bae0], sa_mask[0]=0x7ffbfeff, sa_flags=0x10000004
SIGILL: [libjvm.so+0x81bae0], sa_mask[0]=0x7ffbfeff, sa_flags=0x10000004
SIGUSR1: SIG_DFL, sa_mask[0]=0x00000000, sa_flags=0x00000000
SIGUSR2: [libjvm.so+0x81d2e0], sa_mask[0]=0x00000004, sa_flags=0x10000004
SIGHUP: [libjvm.so+0x81e400], sa_mask[0]=0x7ffbfeff, sa_flags=0x10000004
SIGINT: [libjvm.so+0x81e400], sa_mask[0]=0x7ffbfeff, sa_flags=0x10000004
SIGTERM: [libjvm.so+0x81e400], sa_mask[0]=0x7ffbfeff, sa_flags=0x10000004
SIGQUIT: [libjvm.so+0x81e400], sa_mask[0]=0x7ffbfeff, sa_flags=0x10000004


---------------  S Y S T E M  ---------------

OS:wheezy/sid

uname:Linux 3.2.0-72-generic #107-Ubuntu SMP Thu Nov 6 14:24:01 UTC 2014 x86_64
libc:glibc 2.15 NPTL 2.15 
rlimit: STACK 8192k, CORE 0k, NPROC 62939, NOFILE 4096, AS infinity
load average:0.98 1.10 1.12

/proc/meminfo:
MemTotal:        8079692 kB
MemFree:         1365608 kB
Buffers:           59124 kB
Cached:          1364632 kB
SwapCached:            0 kB
Active:          5838004 kB
Inactive:         521116 kB
Active(anon):    5024172 kB
Inactive(anon):   162308 kB
Active(file):     813832 kB
Inactive(file):   358808 kB
Unevictable:         160 kB
Mlocked:             160 kB
SwapTotal:             0 kB
SwapFree:              0 kB
Dirty:             10692 kB
Writeback:             0 kB
AnonPages:       4935624 kB
Mapped:           159656 kB
Shmem:            251116 kB
Slab:             139100 kB
SReclaimable:      78404 kB
SUnreclaim:        60696 kB
KernelStack:        7456 kB
PageTables:        71188 kB
NFS_Unstable:          0 kB
Bounce:                0 kB
WritebackTmp:          0 kB
CommitLimit:     4039844 kB
Committed_AS:   12799924 kB
VmallocTotal:   34359738367 kB
VmallocUsed:      372416 kB
VmallocChunk:   34359350748 kB
HardwareCorrupted:     0 kB
AnonHugePages:         0 kB
HugePages_Total:       0
HugePages_Free:        0
HugePages_Rsvd:        0
HugePages_Surp:        0
Hugepagesize:       2048 kB
DirectMap4k:      118772 kB
DirectMap2M:     8179712 kB


CPU:total 4 (2 cores per cpu, 2 threads per core) family 6 model 42 stepping 7, cmov, cx8, fxsr, mmx, sse, sse2, sse3, ssse3, sse4.1, sse4.2, popcnt, avx, ht, tsc, tscinvbit

/proc/cpuinfo:
processor	: 0
vendor_id	: GenuineIntel
cpu family	: 6
model		: 42
model name	: Intel(R) Core(TM) i5-2410M CPU @ 2.30GHz
stepping	: 7
microcode	: 0x18
cpu MHz		: 2301.000
cache size	: 3072 KB
physical id	: 0
siblings	: 4
core id		: 0
cpu cores	: 2
apicid		: 0
initial apicid	: 0
fpu		: yes
fpu_exception	: yes
cpuid level	: 13
wp		: yes
flags		: fpu vme de pse tsc msr pae mce cx8 apic sep mtrr pge mca cmov pat pse36 clflush dts acpi mmx fxsr sse sse2 ss ht tm pbe syscall nx rdtscp lm constant_tsc arch_perfmon pebs bts rep_good nopl xtopology nonstop_tsc aperfmperf pni pclmulqdq dtes64 monitor ds_cpl vmx est tm2 ssse3 cx16 xtpr pdcm pcid sse4_1 sse4_2 x2apic popcnt tsc_deadline_timer xsave avx lahf_lm ida arat epb xsaveopt pln pts dtherm tpr_shadow vnmi flexpriority ept vpid
bogomips	: 4589.70
clflush size	: 64
cache_alignment	: 64
address sizes	: 36 bits physical, 48 bits virtual
power management:

processor	: 1
vendor_id	: GenuineIntel
cpu family	: 6
model		: 42
model name	: Intel(R) Core(TM) i5-2410M CPU @ 2.30GHz
stepping	: 7
microcode	: 0x18
cpu MHz		: 2301.000
cache size	: 3072 KB
physical id	: 0
siblings	: 4
core id		: 1
cpu cores	: 2
apicid		: 2
initial apicid	: 2
fpu		: yes
fpu_exception	: yes
cpuid level	: 13
wp		: yes
flags		: fpu vme de pse tsc msr pae mce cx8 apic sep mtrr pge mca cmov pat pse36 clflush dts acpi mmx fxsr sse sse2 ss ht tm pbe syscall nx rdtscp lm constant_tsc arch_perfmon pebs bts rep_good nopl xtopology nonstop_tsc aperfmperf pni pclmulqdq dtes64 monitor ds_cpl vmx est tm2 ssse3 cx16 xtpr pdcm pcid sse4_1 sse4_2 x2apic popcnt tsc_deadline_timer xsave avx lahf_lm ida arat epb xsaveopt pln pts dtherm tpr_shadow vnmi flexpriority ept vpid
bogomips	: 4589.55
clflush size	: 64
cache_alignment	: 64
address sizes	: 36 bits physical, 48 bits virtual
power management:

processor	: 2
vendor_id	: GenuineIntel
cpu family	: 6
model		: 42
model name	: Intel(R) Core(TM) i5-2410M CPU @ 2.30GHz
stepping	: 7
microcode	: 0x18
cpu MHz		: 2301.000
cache size	: 3072 KB
physical id	: 0
siblings	: 4
core id		: 0
cpu cores	: 2
apicid		: 1
initial apicid	: 1
fpu		: yes
fpu_exception	: yes
cpuid level	: 13
wp		: yes
flags		: fpu vme de pse tsc msr pae mce cx8 apic sep mtrr pge mca cmov pat pse36 clflush dts acpi mmx fxsr sse sse2 ss ht tm pbe syscall nx rdtscp lm constant_tsc arch_perfmon pebs bts rep_good nopl xtopology nonstop_tsc aperfmperf pni pclmulqdq dtes64 monitor ds_cpl vmx est tm2 ssse3 cx16 xtpr pdcm pcid sse4_1 sse4_2 x2apic popcnt tsc_deadline_timer xsave avx lahf_lm ida arat epb xsaveopt pln pts dtherm tpr_shadow vnmi flexpriority ept vpid
bogomips	: 4589.55
clflush size	: 64
cache_alignment	: 64
address sizes	: 36 bits physical, 48 bits virtual
power management:

processor	: 3
vendor_id	: GenuineIntel
cpu family	: 6
model		: 42
model name	: Intel(R) Core(TM) i5-2410M CPU @ 2.30GHz
stepping	: 7
microcode	: 0x18
cpu MHz		: 2301.000
cache size	: 3072 KB
physical id	: 0
siblings	: 4
core id		: 1
cpu cores	: 2
apicid		: 3
initial apicid	: 3
fpu		: yes
fpu_exception	: yes
cpuid level	: 13
wp		: yes
flags		: fpu vme de pse tsc msr pae mce cx8 apic sep mtrr pge mca cmov pat pse36 clflush dts acpi mmx fxsr sse sse2 ss ht tm pbe syscall nx rdtscp lm constant_tsc arch_perfmon pebs bts rep_good nopl xtopology nonstop_tsc aperfmperf pni pclmulqdq dtes64 monitor ds_cpl vmx est tm2 ssse3 cx16 xtpr pdcm pcid sse4_1 sse4_2 x2apic popcnt tsc_deadline_timer xsave avx lahf_lm ida arat epb xsaveopt pln pts dtherm tpr_shadow vnmi flexpriority ept vpid
bogomips	: 4589.55
clflush size	: 64
cache_alignment	: 64
address sizes	: 36 bits physical, 48 bits virtual
power management:



Memory: 4k page, physical 8079692k(1365112k free), swap 0k(0k free)

vm_info: Java HotSpot(TM) 64-Bit Server VM (24.72-b04) for linux-amd64 JRE (1.7.0_72-b14), built on Sep 26 2014 18:20:41 by "java_re" with gcc 4.3.0 20080428 (Red Hat 4.3.0-8)

time: Wed Dec 24 02:24:16 2014
elapsed time: 842 seconds

